/Users/shay/Library/Python/3.9/lib/python/site-packages/urllib3/__init__.py:35: NotOpenSSLWarning: urllib3 v2 only supports OpenSSL 1.1.1+, currently the 'ssl' module is compiled with 'LibreSSL 2.8.3'. See: https://github.com/urllib3/urllib3/issues/3020
  warnings.warn(
============================================================
STEP 1: Parse and filter URLs
============================================================
Total CDX rows: 5038
After filtering: 522 unique article paths
Will fetch 522 URLs with fallback timestamps

============================================================
STEP 2: Fetch articles (with challenge detection)
============================================================
  [1/522] / (3 ts) -> skip (0w)
  [2/522] 2475-2/חוזר-מקצועי-מס-הכנסה-5-2012-פטור-בקבלת-מלגה (1 ts) -> skip (19w)
  [3/522] 3334-2/נספח-א-חובות-אבודים (1 ts) -> skip (5w)
  [4/522] 3334-2/נספח-ב-חובות-אבודים (1 ts) -> skip (5w)
  [5/522] 4739-2/מכתב-דוחות-כספיים-חברות-2016-מעודכן-30-03-2017-2 (1 ts) -> skip (11w)
  [6/522] 4875-2/עצמאי-האם-אתה-חייב-לחסוך-לפנסיה (1 ts) -> skip (3w)
  [7/522] 4877-2/המס-שיש-לשלם-על-הגרלות (1 ts) -> skip (3w)
  [8/522] 4881-2/מעסיק-נוער (1 ts) -> skip (3w)
  [9/522] 5140-2/לשאול-עצמך-סוף-שנה_03 (1 ts) -> skip (3w)
  [10/522] 5375-2/מעמ-0-4-3-18 (1 ts) -> skip (3w)
  [11/522] 5444-2/מעסיקים-נשים_17-6 (1 ts) -> skip (3w)
  [12/522] 5448-2/בית-או-עבודה_17-6 (1 ts) -> skip (3w)
  [13/522] 5482-2/חופשה-באילת-26-7-18 (1 ts) -> skip (3w)
  [14/522] 5902-2/נישואים-מיניים-הצהרת-הון (1 ts) -> skip (3w)
  [15/522] birthandtax (1 ts) -> 237w Thin/P3
  [16/522] car-tex (1 ts) -> 126w Thin/P3
  [17/522] car-tex/תיאום-מס-לרכב (1 ts) -> skip (3w)
  [18/522] cash-low (1 ts) -> 118w Thin/P3
  [19/522] cash-low/צמצום-שימוש-במזומן (1 ts) -> skip (3w)
  [20/522] change-address (1 ts) -> 101w Form/Tool/Skip
  [21/522] change-address/להחליף-כתובת (1 ts) -> skip (3w)
  [22/522] change-your-company-name (1 ts) -> 109w Form/Tool/Skip
  [23/522] change-your-company-name/להחליף-שם-חברה (1 ts) -> skip (3w)
  [24/522] check-your-rights (1 ts) -> 141w Thin/P3
  [25/522] check-your-rights/ועדת-השמה (1 ts) -> skip (3w)
  [26/522] companytax (1 ts) -> 226w Thin/P3
  [27/522] compensation (1 ts) -> 117w Thin/P3
  [28/522] compensation/פיצוי-בגין-הפרת-הסכם (1 ts) -> skip (3w)
  [29/522] woman-pregnent/מעסיקים-נשים_17-6-2 (1 ts) -> skip (3w)
  [30/522] אאא (1 ts) -> 120w Thin/P3
  [31/522] אבטלה (1 ts) -> skip (0w)
  [32/522] אבטלה-לעצמאים (1 ts) -> skip (0w)
  [33/522] אבטלה-עצמאי-ושכיר-ביטוח-לאומי-חרבות-בר (1 ts) -> skip (0w)
  [34/522] אבטלה-שכיר-ביטוח-לאומי-חרבות-ברזל (1 ts) -> skip (0w)
  [35/522] אובדן-כושר-עבודה (1 ts) -> skip (0w)
  [36/522] אודות (1 ts) -> skip (0w)
  [37/522] אופן-העברת-מידע-למנהל-מס-ערך-מוסף-האיזו (1 ts) -> 243w Thin/P3
  [38/522] אופן-חישוב-שכירות-הכנסה-מדירת-מגורים (1 ts) -> 211w Thin/P3
  [39/522] אחוז-מימון-גבוה-יותר-לרוכשי-דירה-ראשונ (1 ts) -> skip (0w)
  [40/522] אחת-ההחלטות-החשובות-ביותר-שתעשו-לבחור (1 ts) -> skip (0w)
  [41/522] איגוד-מקרקעין (1 ts) -> skip (0w)
  [42/522] איחוד-עוסקים-דוחות-ודיווחים-לרשויות (1 ts) -> 553w Good/P1
  [43/522] איך-אני-מחליטה-אם-אני-עוסק-פטור-עוסק-מו (1 ts) -> skip (0w)
  [44/522] אינדקס-הוצאה-מוכרת (1 ts) -> skip (0w)
  [45/522] אישור-ניכוי-מס-במקור-וניהול-ספרים (1 ts) -> skip (0w)
  [46/522] איתור-חברה-ברשם-החברות (1 ts) -> skip (0w)
  [47/522] איתור-עוסק-מורשה (1 ts) -> skip (0w)
  [48/522] אכיפה-מס-ערך-מוסף (1 ts) -> skip (0w)
  [49/522] ארגון-וסידור-ההתנהלות-העסקית-והחשבונ (1 ts) -> skip (0w)
  [50/522] אתה-בדיוק-עומד-לפני-תרחיש-בעולם-הנדלן (1 ts) -> skip (0w)
  [51/522] בדיקה-והגשת-החזר-מס-שבח (1 ts) -> skip (0w)
  [52/522] בדיקת-זכאות-לסטודנטים (1 ts) -> 103w Thin/P3
  [53/522] בדיקת-עסקים-לפני-רכישה (1 ts) -> skip (0w)
  [54/522] בדקו-מה-הסכום-המירבי-המותר-לשימוש-לתשל (1 ts) -> challenge (1 tried)
  [55/522] בדקו-מה-הסכום-המירבי-המותר-לתשלום-בעסק (1 ts) -> skip (0w)
  [56/522] ביטוח-לאומי-2 (1 ts) -> skip (0w)
  [57/522] ביטוח-לאומי-טלפונים-כתובות-ושעות-פת (1 ts) -> skip (0w)
  [58/522] ביטוח-לאומי-עצמאים-תיקון-חקיקה-2017 (1 ts) -> skip (0w)
  [59/522] ביטוח-מנהלים (1 ts) -> skip (0w)
  [60/522] ביטקוין-האם-המטבע-הדיגיטלי-יחזיק-ומהר (1 ts) -> skip (0w)
  [61/522] ביקורת-ועריכת-דוחות-כספיים (1 ts) -> skip (0w)
  [62/522] ביקורת-ועריכת-דוחות-כספיים-2 (1 ts) -> skip (0w)
  [63/522] בלוק-בדף-הבית (1 ts) -> 635w Good/P1
  [64/522] במסגרת-חוק-צמצום-שימוש-מזומן-דין-עסקאו (1 ts) -> 119w Thin/P3
  [65/522] בן-זוגך-בת-זוגך-במילואים-מגיע-לך-להעדר (1 ts) -> skip (0w)
  [66/522] בניית-תוכנית-עסקית-הגדרת-מטרות-ויעדים (1 ts) -> skip (0w)
  [67/522] בעל-עסק-אוהב-סיכונים (1 ts) -> skip (0w)
  [68/522] בעל-עסק-יקר-האם-יש-לך-את-האיש-שלכם-שאתם (1 ts) -> skip (0w)
  [69/522] בעל-עסק-יקר-טס-לאילת-שים-לב-לדגש-הבא (1 ts) -> challenge (1 tried)
  [70/522] בעל-עסק-יקר-משכיר-נכס-המאמר-הבא-הוא-בשב (1 ts) -> skip (0w)
  [71/522] בעל-עסק-יקר-פתחנו-עבורך-קבוצת-פייסבוק-ב (1 ts) -> skip (0w)
  [72/522] בעל-עסק-כיצד-תיצור-בידול-על-פני-המתחרים (1 ts) -> skip (0w)
  [73/522] בעל-עסק-מחלק-דיבידנד-עד-ה-30-09-17-יתכן-מאוד-ות (1 ts) -> skip (0w)
  [74/522] בעל-עסק-פטור-בשורה-משמחת-עבורך (1 ts) -> challenge (1 tried)
  [75/522] בעל-עסק-פטור-שינוי-תקרת-מס-בינואר-2019 (1 ts) -> skip (0w)
  [76/522] בעלי-דירות-יקרים-מכירים-את-סוגי-מיסוי-ע (1 ts) -> skip (0w)
  [77/522] בעלי-הכנס-מעבודה-בחול (1 ts) -> 4243w Good/P1
  [78/522] בקשה-לדחיית-נקודת-זיכוי-שנדחתה-בגין-יל (1 ts) -> 90w Form/Tool/Skip
  [79/522] בקשה-להכרה-כמוסד-ציבורי-לפי-סעיף-46-לפקו (1 ts) -> skip (0w)
  [80/522] גיוס-מנהלת-חשבונות (1 ts) -> 237w Thin/P3
  [81/522] דגשים-חשובים-ביותר-לפני-חתימת-חוזה (1 ts) -> skip (0w)
  [82/522] דגשים-לגבי-בקשת-חופשה-מהמעסיק (1 ts) -> skip (0w)
  [83/522] דוחות-ודיווחים-לרשויות (1 ts) -> skip (0w)
  [84/522] דוחות-ודיווחים-שוטפים-לרשם-החברות (1 ts) -> skip (0w)
  [85/522] דחיית-מועד-הגשת-הדוחות-השנתיים (1 ts) -> challenge (1 tried)
  [86/522] דיווח-חשבוניות-מקוון (1 ts) -> skip (0w)
  [87/522] דיווח-נכסים-והתחייבויות-לבן-זוג-בנישו (1 ts) -> challenge (1 tried)
  [88/522] דין-הודעה-למס-הכנסה-על-סגירת-תיק (1 ts) -> skip (0w)
  [89/522] דין-חבות-מס-רכישה-לעולה-חדש (1 ts) -> skip (0w)
  [90/522] דין-עדכון-למס-הכנסה-בדבר-סגירת-העסק (1 ts) -> skip (0w)
  [91/522] דין-שימוש-במזומן (1 ts) -> skip (0w)
  [92/522] דירוג-אשראי-אישי (1 ts) -> challenge (1 tried)
  [93/522] דירת-מגורים-יחידה (1 ts) -> skip (0w)
  [94/522] דירת-מגורים-מזכה (1 ts) -> 406w Good/P1
  [95/522] דירת-מגורים-שנתקבלה-בירושה-מתנה (1 ts) -> skip (0w)
  [96/522] דמי-ביטוח-לאומי (1 ts) -> skip (0w)
  [97/522] דמי-ביטוח-עובדים-שכירים (1 ts) -> skip (20w)
  [98/522] דמי-לידה (1 ts) -> skip (0w)
  [99/522] דע-את-זכויותיך (1 ts) -> skip (0w)
  [100/522] דע-את-זכויותיך-2 (1 ts) -> skip (0w)
  [101/522] דרישת-הצהרת-הון-מתושב-חוץ (1 ts) -> 244w Thin/P3
  [102/522] האם-אפשר-להוציא-חשבוניות-קבלות-במסמך-word (1 ts) -> skip (0w)
  [103/522] האם-אתם-זכאי-להחזר-מס-בגין-תשלום-עודף-של (1 ts) -> skip (0w)
  [104/522] האם-בעל-עסק-חייב-להפריש-לקופת-פנסיה-או-י (1 ts) -> skip (0w)
  [105/522] האם-בעל-עסק-שיש-לו-קופה-רושמת-מחויב-לשמו (1 ts) -> skip (0w)
  [106/522] האם-בעל-עסק-שמעברים-לו-תשלום-בהעברה-בנק (1 ts) -> skip (0w)
  [107/522] האם-בתור-בעל-עסק-אתה-חייב-רואה-חשבון (1 ts) -> skip (0w)
  [108/522] האם-העמותה-שאתם-מעוניינים-לתרום-לה-מוכ (1 ts) -> skip (0w)
  [109/522] האם-יש-לגבות-17-מעמ-לחברה-מחוץ-לאילת-בגין (1 ts) -> skip (0w)
  [110/522] האם-כוס-קפה-עם-לקוח-בבית-קפה-נחשבת-הוצא-2 (1 ts) -> skip (0w)
  [111/522] האם-כוס-קפה-עם-לקוח-בבית-קפה-נחשבת-הוצאה (1 ts) -> skip (0w)
  [112/522] האם-להעסיק-עובד-או-לקחת-פרילנסר-ומה-צרי (1 ts) -> skip (0w)
  [113/522] האם-מכירת-ציוד-לעסק-נכנס-כחלק-מתקרת-עוס (1 ts) -> skip (0w)
  [114/522] האם-ניתן-לדרוש-את-יתרת-ההשקעה-על-נכס-כהו (1 ts) -> skip (0w)
  [115/522] האם-ניתן-לקזז-מעמ-בגין-רכישת-אופניים-ח (1 ts) -> skip (0w)
  [116/522] האם-ניתן-לקזז-מעמ-על-רכישת-נכס (1 ts) -> challenge (1 tried)
  [117/522] האם-סיוע-כלכלי-מחוייב-במעמ (1 ts) -> skip (0w)
  [118/522] האם-עדיין-צריך-לשלם-מס-על-עסקה-שבוטלה-לא (1 ts) -> skip (0w)
  [119/522] האם-עוסק-מורשה-יכול-לרשום-מספר-עסקים-על (1 ts) -> skip (0w)
  [120/522] האם-פיצוי-בגין-הפרת-הסכם-מחוייב-במעמ (1 ts) -> 110w Thin/P3
  [121/522] האנלוגיה-הנפלאה-בין-כדורגל-לעסקים (1 ts) -> skip (0w)
  [122/522] האנלוגיה-הנפלאה-בין-עסקים-וכדורגל (1 ts) -> challenge (1 tried)
  [123/522] הבטחת-הכנסה (1 ts) -> skip (0w)
  [124/522] הבראה (1 ts) -> skip (0w)
  [125/522] הגבלה-למחזור-עסקאות-לעוסק-פטור-לשנת-2017 (1 ts) -> skip (0w)
  [126/522] הגבלות-חדשות-בתחום-הנדלן-החל-מה-1-לינוא (1 ts) -> skip (0w)
  [127/522] הגבלות-מקרקעין-2019 (1 ts) -> 204w Thin/P3
  [128/522] הגדרות-מהותיות-מיסוי-מקרקעין (1 ts) -> skip (0w)
  [129/522] הגדרות-נוספות (1 ts) -> skip (0w)
  [130/522] הגדרות-נוספות-2 (1 ts) -> skip (0w)
  [131/522] הגדרות-נוספות-3 (1 ts) -> skip (0w)
  [132/522] הגדרת-משרה (1 ts) -> skip (0w)
  [133/522] הגשת-דוחות-שנתיים-לרשויות-המס (1 ts) -> skip (0w)
  [134/522] הגשת-הצהרת-הון-לרשויות-המס (1 ts) -> skip (0w)
  [135/522] הגשת-תביעות-מס-רכוש-קרן-פיצויים (1 ts) -> skip (0w)
  [136/522] ההשפעת-מצב-הרוח-של-בעל-העסק-על-התפוקה (1 ts) -> skip (0w)
  [137/522] הודעה-מוקדמת (1 ts) -> skip (0w)
  [138/522] הודעה-על-דחיית-מועד-הגשת-דיווח-בגין-עמ (1 ts) -> 118w Thin/P3
  [139/522] הוצאות-מוכרות-בעבודה-מהבית (1 ts) -> skip (0w)
  [140/522] הוצאות-מוכרות-לרכב-המיועד-להסעת-תיירי (1 ts) -> skip (0w)
  [141/522] הוצאות-נלוות (1 ts) -> 354w Good/P1
  [142/522] הוצאות-נסיעות-לחול-מוכרות-למס-הכנסה (1 ts) -> 360w Good/P1
  [143/522] הוראות-ביצוע-מס-הכנסה (1 ts) -> skip (0w)
  [144/522] הוראות-ניהול-ספרים-מס-הכנסה (1 ts) -> skip (0w)
  [145/522] הוראות-ניהול-ספרים-מס-הנכסה (1 ts) -> skip (0w)
  [146/522] הוראת-שעה-חלוקת-דיבידנד-בשיעור-מופחת-2 (1 ts) -> skip (0w)
  [147/522] הורחב-מתווה-הפיצויים-לתושבי-הדרום (1 ts) -> skip (0w)
  [148/522] החזר-בלו-סולר (1 ts) -> skip (0w)
  [149/522] החזר-מס (1 ts) -> challenge (1 tried)
  [150/522] החזר-מס-ותיאום-מס (1 ts) -> skip (0w)
  [151/522] החזר-מס-שבח-2 (1 ts) -> skip (0w)
  [152/522] החזר-מעמ-על-רכב-שמשמש-להסעת-נוסעים-בלב (1 ts) -> skip (0w)
  [153/522] החזר-מעמ-תיירים (1 ts) -> skip (0w)
  [154/522] החזרים (1 ts) -> skip (0w)
  [155/522] הטבות-גיל-הזהב (1 ts) -> skip (0w)
  [156/522] הטבות-מס-לנשים (1 ts) -> skip (0w)
  [157/522] הטבות-נילוות-לשכר-עבודה (1 ts) -> skip (0w)
  [158/522] היבטים-פליליים-בהגשת-הצהרת-הון (1 ts) -> 176w Thin/P3
  [159/522] היסטוריית-שיעורי-מעמ (1 ts) -> skip (0w)
  [160/522] היערכות-חברות-לתום-שנת-מס-2016 (1 ts) -> 571w Good/P1
  [161/522] היערכות-עוסקים-פטורים-לתום-שנת-המס-2016 (1 ts) -> 379w Good/P2
  [162/522] היתרונות-שלך-בתור-בעל-עסק-להעביר-אלינו (1 ts) -> skip (0w)
  [163/522] הכוונה-בתחום-הפיננסים-והמיסוי-לגיל-הז (1 ts) -> skip (0w)
  [164/522] הכרה-בהוצאות-קווים-מנחים (1 ts) -> skip (0w)
  [165/522] המערכת-שעשויה-להוזיל-לנו-את-הריביות-על (1 ts) -> skip (0w)
  [166/522] הנהלת-חשבונות-עצמאי-חברה-מלכר (1 ts) -> skip (0w)
  [167/522] הסבר-על-מסלול-מקוצר-להוצאה-לפועל-בהתאם (1 ts) -> 206w Thin/P3
  [168/522] הערכות-הגשה-דוחות-שנת-2017 (1 ts) -> 96w Thin/P3
  [169/522] הערכות-הגשת-דוחות (1 ts) -> 80w Thin/P3
  [170/522] הערכות-חברה-לתום-שנת-2018 (1 ts) -> 632w Good/P1
  [171/522] הערכות-חברות-לתום-שנת-2017 (1 ts) -> skip (0w)
  [172/522] הערכות-חברות-לתום-שנת-2018 (1 ts) -> challenge (1 tried)
  [173/522] הערכות-עצמאים-לתום-שנת-מס-2017 (1 ts) -> skip (0w)
  [174/522] הפחתת-מס-חברות (1 ts) -> 82w Thin/P3
  [175/522] הפסקת-עבודה-כשכיר-ונתינת-שירותים-כעצמ (1 ts) -> skip (0w)
  [176/522] הפקת-ניכוי-במקור-ימין (1 ts) -> skip (0w)
  [177/522] הפקת-ניכוי-במקור-שמאל (1 ts) -> skip (9w)
  [178/522] הפקת-ניכוי-מס-במקור (1 ts) -> skip (0w)
  [179/522] הפרשה-חשבונאית (1 ts) -> 134w Thin/P3
  [180/522] הפרשה-חשבונאית-באילו-מצבים-ניתן-להכיר (1 ts) -> 175w Thin/P3
  [181/522] הפרשה-לפנסיה (1 ts) -> skip (0w)
  [182/522] הפרשות-פנסיה-לעצמאים-החל-משנת-מס-2017 (1 ts) -> skip (0w)
  [183/522] הצהרת-הון-בנישואים-חד-מיניים-בחול (1 ts) -> skip (0w)
  [184/522] הקלה-משמעותית-במסים-להורים-לילדים-בעל (1 ts) -> skip (0w)
  [185/522] הקלות-מיסוי-חברות-טבע-כמקרה-בוחן-נכת (1 ts) -> skip (0w)
  [186/522] הקניון-הראשון-ללא-מעמ-מחוץ-לאילת (1 ts) -> skip (0w)
  [187/522] הקניון-הראשון-מחות-לאילת-ללא-מעמ (1 ts) -> challenge (1 tried)
  [188/522] הקפאת-עדכוני-מס-ומס-יסף (1 ts) -> 2081w Good/P2
  [189/522] הקשר-בין-מס-הכנסה-למיסוי-מקרקעין (1 ts) -> skip (0w)
  [190/522] הקשר-בין-סעיף-174-לפקודת-מס-הכנסה-להודעת-ז (1 ts) -> 461w Good/P1
  [191/522] השלכות-מיסוי-במלכרים (1 ts) -> skip (0w)
  [192/522] השלכות-מיסוי-לעצמאים (1 ts) -> skip (0w)
  [193/522] התחלה-וסיום-יחסי-עבודה (1 ts) -> skip (0w)
  [194/522] התיישנות-תביעה-ביטוח-לאומי (1 ts) -> skip (0w)
  [195/522] התמודדות-עם-משברים-בעסק (1 ts) -> skip (0w)
  [196/522] זיכוי-בגין-ילדים-קטנים (1 ts) -> 588w Good/P2
  [197/522] זיכוי-בגין-סיום-תואר-אקדמי (1 ts) -> 392w Good/P2
  [198/522] זיכוי-בעד-ילדים-נטולי-יכולת (1 ts) -> 524w Good/P2
  [199/522] זיכוי-הורה-גרוש-מזונות-2 (1 ts) -> 392w Good/P2
  [200/522] זיכוי-הנצחת-בן-משפחה-חיל-שוטר-פעולות-אי (1 ts) -> 326w Good/P2
  [201/522] זיכוי-ליחיד-במשפחה-חד-הורית (1 ts) -> 383w Good/P2
  [202/522] זיכוי-לתושבים-ביישובים-מזכים (1 ts) -> 393w Good/P2
  [203/522] זיכוי-ממס-הכנסה-לעולה-חדש (1 ts) -> 427w Good/P2
  [204/522] זיכוי-מס-בגין-תרומה (1 ts) -> 816w Good/P2
  [205/522] זכאות-לפיצויים-ודמי-אבטלה-לעובדת-שילד (1 ts) -> challenge (1 tried)
  [206/522] זכאות-לשיעור-מס-מופחת-אזרחים-מעל-גיל-60 (1 ts) -> 362w Good/P1
  [207/522] זכויות-סוציאליות (1 ts) -> skip (0w)
  [208/522] זכויות-עובדים-בעת-פשיטת-רגל-מעסיק (1 ts) -> skip (0w)
  [209/522] זכיתם-בפרס-או-הגרלה-מזל-טוב-כמה-מס-תצטר (1 ts) -> skip (0w)
  [210/522] חבות-מעמ-עסקאות-נדלן (1 ts) -> skip (0w)
  [211/522] חברה-או-עצמאישותפות-מה-עדיף (1 ts) -> skip (0w)
  [212/522] חברה-מפרת-חוק (1 ts) -> skip (0w)
  [213/522] חברת-מעטים (1 ts) -> 1401w Good/P2
  [214/522] חובות-אבודים (1 ts) -> skip (0w)
  [215/522] חובת-הצהרת-הון (1 ts) -> skip (0w)
  [216/522] חובת-ניכוי-מס-במקור (1 ts) -> skip (0w)
  [217/522] חוות-דעת-לבית-משפט (1 ts) -> skip (0w)
  [218/522] חוזר-מקצועי-שינויים-בשכר-החל-מיום-1-בי (1 ts) -> 367w Good/P1
  [219/522] חוזרים-מקצועיים-מס-הכנסה (1 ts) -> skip (0w)
  [220/522] חוזרים-מקצועיים-מעמ (1 ts) -> skip (0w)
  [221/522] חוזרים-מקצועיים-מעמ-2 (1 ts) -> skip (0w)
  [222/522] חוזרים-מקצועים (1 ts) -> skip (0w)
  [223/522] חומר-מקצועי (1 ts) -> skip (0w)
  [224/522] חומר-מקצועי-2 (1 ts) -> skip (0w)
  [225/522] חומר-מקצועי-3 (1 ts) -> skip (0w)
  [226/522] חומר-מקצועי-4 (1 ts) -> skip (0w)
  [227/522] חוק-דמי-מחלה-לעובד (1 ts) -> skip (0w)
  [228/522] חוק-חופשה-תוספת-לחוק-יום-בחירה-עובד (1 ts) -> 277w Thin/P3
  [229/522] חוק-מס-הכנסה-הגדלת-נקודות-זיכוי-להורים (1 ts) -> skip (0w)
  [230/522] חיפוש (1 ts) -> skip (3w)
  [231/522] חישוב-גידול-קיטון-בהון-מקורות-ושימוש (1 ts) -> 535w Good/P1
  [232/522] חישוב-הכנסה-משכירות-תושב-חוץ (1 ts) -> 128w Form/Tool/Skip
  [233/522] חשבונית-ישראל-חברות (1 ts) -> challenge (1 tried)
  [234/522] חשבונית-ישראל-לעצמאים (1 ts) -> challenge (1 tried)
  [235/522] חשבונית-ישראל-עוסק-מורשה (1 ts) -> challenge (1 tried)
  [236/522] חשבונית-ישראל-שאלות-תשובות (1 ts) -> challenge (1 tried)
  [237/522] חשבונית-עצמית-או-עסקת-אקראי-והקשר-ביני (1 ts) -> skip (0w)
  [238/522] חשבות-מס-והפקת-נתוני-שכר (1 ts) -> skip (0w)
  [239/522] טופס-101-דברי-הסבר (1 ts) -> skip (0w)
  [240/522] טיפ-סוף-שנה-מס-1 (1 ts) -> skip (0w)
  [241/522] טיפ-סוף-שנה-מס-2 (1 ts) -> skip (0w)
  [242/522] טיפ-סוף-שנה-מס-3 (1 ts) -> challenge (1 tried)
  [243/522] טיפ-סוף-שנה-מס-4 (1 ts) -> challenge (1 tried)
  [244/522] טיפ-סוף-שנה-מס-4-הגדרות-אישיות-ברשויות (1 ts) -> skip (0w)
  [245/522] טיפ-סוף-שנה-מס-5 (1 ts) -> challenge (1 tried)
  [246/522] טיפ-סוף-שנה-מס-5-חישוב-מסלול-מחדש-בעסק (1 ts) -> skip (0w)
  [247/522] טיפ-סוף-שנה-מס-6 (1 ts) -> challenge (1 tried)
  [248/522] טיפ-סוף-שנה-מס-6-הפחתת-נטל-המס (1 ts) -> skip (0w)
  [249/522] טיפ-סוף-שנה-מס-7 (1 ts) -> challenge (1 tried)
  [250/522] טיפ-סוף-שנה-מס-7-תשלומים-עבור-עובדים (1 ts) -> skip (0w)
  [251/522] טיפ-סוף-שנה-מס-8 (1 ts) -> challenge (1 tried)
  [252/522] טיפ-סוף-שנה-מס-8-חשבון-עסקי (1 ts) -> skip (0w)
  [253/522] טיפול-שוטף (1 ts) -> skip (0w)
  [254/522] טיפים-חשובים-ליישום-מיידי-שיעזרו-לכם-ל (1 ts) -> skip (0w)
  [255/522] טיפים-למלצרים-יחוייבו-במעמ (1 ts) -> 107w Thin/P3
  [256/522] טיפים-למלצרים-יחשבו-כחלק-משכרם (1 ts) -> skip (0w)
  [257/522] טלפונים-חשובים (8 ts) -> skip (0w)
  [258/522] טלפונים-מס-הכנסה (1 ts) -> skip (0w)
  [259/522] טפסים (29 ts) -> skip (0w)
  [260/522] טפסים-2 (1 ts) -> skip (0w)
  [261/522] טפסים-ביטוח-לאומי (1 ts) -> skip (0w)
  [262/522] טפסים-מלכרים (1 ts) -> skip (0w)
  [263/522] טפסים-מס-הנסה (1 ts) -> skip (0w)
  [264/522] טפסים-רשם-החברות (1 ts) -> skip (0w)
  [265/522] ייעוץ-ותכנון-מס (1 ts) -> skip (0w)
  [266/522] ילדכם-עבר-ועדת-השמה-יתכן-ואתם-זכאים-לנק (1 ts) -> skip (0w)
  [267/522] ימי-חופש (1 ts) -> skip (0w)
  [268/522] ימי-מחלה (1 ts) -> skip (0w)
  [269/522] ימי-מחלה-סוגיות-מקצועיות (1 ts) -> skip (0w)
  [270/522] יש-לך-חברה-ואתה-לא-אוהב-את-השם-אתה-לא-צרי (1 ts) -> challenge (1 tried)
  [271/522] כולם-צריכים-לנוח-בשבת-עכשיו-כהצעת-חוק (1 ts) -> skip (0w)
  [272/522] כיצד-יש-לפעול-בעת-השמדת-מלאי-לפי-הוראות (1 ts) -> skip (0w)
  [273/522] כיצד-מתייחסים-לאירוע-גיבוש-עובדים-מבח (1 ts) -> skip (0w)
  [274/522] כלכלה-ומימון (1 ts) -> skip (0w)
  [275/522] כללי-מיסוי-על-מתנות (1 ts) -> skip (0w)
  [276/522] כללים-להוצאת-הודעת-זיכוי-חשבונית-זיכו (1 ts) -> 336w Good/P1
  [277/522] כמה-נקודות-שחשוב-להכיר-לגבי-העסקת-נערי (1 ts) -> 222w Thin/P3
  [278/522] לארגן-את-העבודה-אחרי-חופשה-ארוכה (1 ts) -> skip (0w)
  [279/522] לבעלי-עסקים-באיזור-עוטף-הזה (1 ts) -> skip (0w)
  [280/522] לבעלי-עסקים-באיזור-עוטף-עזה (1 ts) -> challenge (1 tried)
  [281/522] לקראת-סוף-השנה-ריכזנו-עבורך-טיפים-לעסק (1 ts) -> challenge (1 tried)
  [282/522] מאמר-מקיף-על-כלים-טכנולוגיים-לניהול-אר (1 ts) -> skip (0w)
  [283/522] מאמרים-מקצועיים (1 ts) -> skip (0w)
  [284/522] מבחנים-להכרה-בחוב-אבוד (1 ts) -> 251w Thin/P3
  [285/522] מדרגות-מס-2006-2017 (1 ts) -> 2456w Good/P2
  [286/522] מדריך-אינדקס-הוצאות-מוכרות (1 ts) -> skip (0w)
  [287/522] מדריך-לפתיחת-עסק (1 ts) -> skip (14w)
  [288/522] מה-אחוז-ניכוי-מעמ-על-רכישת-סמארטפון (1 ts) -> skip (0w)
  [289/522] מה-הגישה-שלכם-לניהול-העסק (1 ts) -> skip (0w)
  [290/522] מה-למדנו-מהמונדיאל-האחרון-ואיך-זה-קשור (1 ts) -> skip (0w)
  [291/522] מהפך-ארגוני-טכנולוגי (1 ts) -> skip (0w)
  [292/522] מחזיקים-בחוב-אבוד-עקב-אי-תשלום-רעיון-נו (1 ts) -> 166w Thin/P3
  [293/522] מחשבון-פנסי (1 ts) -> skip (0w)
  [294/522] מחשבונים-לבדיקת-זכאות (1 ts) -> skip (0w)
  [295/522] מי-חייב-בהגשת-דוח-למס-הכנסה (1 ts) -> skip (0w)
  [296/522] מידע-אינפורמטיבי (1 ts) -> skip (0w)
  [297/522] מידע-אינפורמטיבי-2 (1 ts) -> skip (0w)
  [298/522] מידע-אינפורמטיבי-4 (1 ts) -> skip (0w)
  [299/522] מידע-אינפורמטיבי-5 (1 ts) -> skip (0w)
  [300/522] מידע-אינפורמטיבי-6 (1 ts) -> skip (0w)
  [301/522] מידע-אינפורמטיבי-מס-הכנסה (1 ts) -> skip (0w)
  [302/522] מידע-אינפורמטיבי-מעמ (1 ts) -> skip (0w)
  [303/522] מידע-מקצועי (1 ts) -> skip (0w)
  [304/522] מידע-מקצועי-2 (1 ts) -> skip (0w)
  [305/522] מיזוגים-פיצולים-ושינוי-מבנה (1 ts) -> skip (0w)
  [306/522] מילואים (1 ts) -> skip (0w)
  [307/522] מיסוי-בינלאומי (1 ts) -> skip (0w)
  [308/522] מיסוי-דירה-ראשונה (1 ts) -> skip (0w)
  [309/522] מיסוי-הכנסות-מביטקוין (1 ts) -> skip (0w)
  [310/522] מיסוי-מלכרים-בישראל (1 ts) -> skip (0w)
  [311/522] מיסוי-מקרקעין-טלפונים-כתובות-ושעות (1 ts) -> skip (0w)
  [312/522] מיסים-על-מטבעות-וירטואליים (1 ts) -> skip (0w)
  [313/522] מיצוי-זכויות-ותביעות-עבודה (1 ts) -> skip (0w)
  [314/522] מכירה-דרך-חנות-אינטרנטית-האם-המוכר-צרי (1 ts) -> skip (0w)
  [315/522] מכירת-דירת-מגורים (1 ts) -> skip (0w)
  [316/522] מכירת-נכסים-עסקיים (1 ts) -> skip (0w)
  [317/522] מכירת-קרקעות-משקים-ונחלות (1 ts) -> skip (0w)
  [318/522] מלכרים (1 ts) -> skip (0w)
  [319/522] ממונה-מעמ-אזורי-טלפונים-כתובות-ושעו (1 ts) -> skip (9w)
  [320/522] מס-ריבוי-דירות (1 ts) -> skip (0w)
  [321/522] מס-רכישה (1 ts) -> skip (0w)
  [322/522] מס-שבח (1 ts) -> skip (0w)
  [323/522] מספר-עובדות-מדרגות-מס (1 ts) -> 384w Good/P2
  [324/522] מעמ (1 ts) -> skip (0w)
  [325/522] מעמ-בגין-שכט-לשירותי-ייעוץ-לחברה-בחול (1 ts) -> 158w Thin/P3
  [326/522] מעמ-על-רכב-להסעת-נוסעים (1 ts) -> 142w Thin/P3
  [327/522] מעמ-על-תווי-שי (1 ts) -> skip (0w)
  [328/522] מענק-חברה-חרבות-ברזל (1 ts) -> skip (0w)
  [329/522] מענק-חרבות-ברזל (1 ts) -> skip (0w)
  [330/522] מענק-עבודה (1 ts) -> 467w Good/P1
  [331/522] מענק-עבודה-מס-הכנסה-שלילי (1 ts) -> skip (0w)
  [332/522] מענק-עובדים-עם-ילד-מתחת-לגיל-14-חרבות-ברז (1 ts) -> skip (0w)
  [333/522] מענק-עוסק-מורשה-חרבות-ברזל (1 ts) -> skip (0w)
  [334/522] מענק-עוסק-פטור-חרבות-ברזל (1 ts) -> skip (0w)
  [335/522] מענק-עוסק-פטור-שהפך-למורשה-חרבות-ברזל (1 ts) -> skip (0w)
  [336/522] מענק-שכר-עבודה-חרבות-ברזל (1 ts) -> skip (0w)
  [337/522] מקרים-בהם-יש-לדווח-למעמ-דיווח-מפורט (1 ts) -> 189w Thin/P3
  [338/522] מרכיבי-שכר (1 ts) -> skip (0w)
  [339/522] מרכיבי-שכר-בהתאם-לחוק (1 ts) -> skip (0w)
  [340/522] משבר-בעסק-זה-לא-סוף-העולם (1 ts) -> challenge (1 tried)
  [341/522] משיכה-מוקדמת-מרכיב-תגמולים-בקופת-גמל-ב (1 ts) -> skip (0w)
  [342/522] משיכת-כספים-מקופת-פנסיה-ללא-אישור-מעסי (1 ts) -> skip (0w)
  [343/522] משכיר-נכס-בחול-בדוק-את-אפשרויות-המיסו (1 ts) -> skip (0w)
  [344/522] משקיעים-בחול-למדו-על-המסלול-הירוק-שהוש (1 ts) -> skip (0w)
  [345/522] משרה-טרום-מתמחה-ביטן-את-ביטן-רואי-חשבו (1 ts) -> challenge (1 tried)
  [346/522] משתמש-ברכב-חברה-לצרכיך-האישיים-האם-נית (1 ts) -> skip (0w)
  [347/522] נדלן-לעולים-חדשים (1 ts) -> skip (0w)
  [348/522] נוהל-ביטול-עסקה (1 ts) -> skip (0w)
  [349/522] ניהול-דיונים-וייצוג-מול-רשויות-המס (1 ts) -> skip (0w)
  [350/522] ניהול-תזרים-מזומנים (1 ts) -> 87w Thin/P3
  [351/522] ניהול-תזרים-מזומנים-וייעוץ-עסקי (1 ts) -> skip (0w)
  [352/522] ניידות (1 ts) -> skip (0w)
  [353/522] נכות (1 ts) -> skip (0w)
  [354/522] נכסים-והתחייבויות-בהצהרת-הון (1 ts) -> 129w Thin/P3
  [355/522] נסיעות (1 ts) -> skip (0w)
  [356/522] נפגעי-מס-הכנסה (1 ts) -> skip (4w)
  [357/522] נפגעי-עבודה (1 ts) -> skip (0w)
  [358/522] נפגעי-תאונות (1 ts) -> skip (0w)
  [359/522] נקודות-זיכוי-לסטודנטים (1 ts) -> skip (0w)
  [360/522] סגירת-חברה-ברשויות (1 ts) -> skip (0w)
  [361/522] סגירת-תיק-ברשויות-המס (1 ts) -> skip (0w)
  [362/522] סגירת-תיק-שמצוי-בפשיטת-רגל (1 ts) -> skip (0w)
  [363/522] סגירת-תיקים-ברשויות (1 ts) -> skip (0w)
  [364/522] סדנאות-לניהול-עסק-תקין-מפגשים-מרוכזים (1 ts) -> skip (0w)
  [365/522] סוגי-הסכמים (1 ts) -> skip (0w)
  [366/522] סוגי-מלכרים (1 ts) -> skip (0w)
  [367/522] סוגי-עוסקים-במעמ (1 ts) -> skip (0w)
  [368/522] סוגי-עסקאות (1 ts) -> skip (0w)
  [369/522] סוגי-תשלומים-שהעברתם-לתושב-חוץ-פטורה-מ (1 ts) -> 722w Good/P1
  [370/522] סוגיה-מעניינת-הקשורה-לימי-מחלה (1 ts) -> skip (0w)
  [371/522] סוגיות-מעמ (1 ts) -> skip (0w)
  [372/522] סוגיות-מקצועיות (1 ts) -> skip (0w)
  [373/522] סוגיות-מקצועיות-2 (1 ts) -> skip (0w)
  [374/522] סטאטוס-ביטוח-לאומי (1 ts) -> skip (0w)
  [375/522] סימולטור-שימושי-בהמשך-לחוק-צמצום-השימ (1 ts) -> challenge (1 tried)
  [376/522] סימולטור-שימושי-בהמשך-לחוק-צמצום-שימו (1 ts) -> skip (0w)
  [377/522] סעיף-45א-נקודות-זיכוי-בגין-ילד-נטול-יכול (1 ts) -> 771w Good/P2
  [378/522] סערה-בעולם-הנדלן-חוק-מס-דירה-שלישית-יב (1 ts) -> skip (0w)
  [379/522] עדכון-חקיקה-מעמ-18 (1 ts) -> 392w Good/P2
  [380/522] עדכון-לבעלי-עסקים-באיזור-עוטף-עזה-והדר (1 ts) -> skip (0w)
  [381/522] עובד-משק-בית-ומעסיק (1 ts) -> skip (0w)
  [382/522] עובדי-הייטק-המחזיקים-אופציות-שימו-לב-ל (1 ts) -> skip (0w)
  [383/522] עובדים-ומעבידים (1 ts) -> skip (0w)
  [384/522] עובדים-מול-ספקים-ויש-הפרשים-בחשבונית-ה (1 ts) -> skip (0w)
  [385/522] עסק-חדש-ברכותינו-דגשים-חשובים-להתחלה (1 ts) -> skip (0w)
  [386/522] עסקאות-מלכר-עם-חברהעצמאי (1 ts) -> skip (0w)
  [387/522] עסקת-מתנה-ירושה (1 ts) -> skip (0w)
  [388/522] עסקת-קבלן (1 ts) -> skip (0w)
  [389/522] עסקת-קומבינציה (1 ts) -> skip (0w)
  [390/522] עצמאי-או-חברה-הלכה-למעשה (1 ts) -> skip (0w)
  [391/522] עצמאיים-ומשרתים-במילואים-זכאים-לתגמו (1 ts) -> skip (0w)
  [392/522] עקרון-התא-המשפחתי (1 ts) -> 272w Thin/P3
  [393/522] עריכה-והגשת-שומות-מס-שבח (1 ts) -> skip (0w)
  [394/522] ערך-נקודת-זיכוי (1 ts) -> skip (0w)
  [395/522] פחת-על-אתר-אינטרנט (1 ts) -> 115w Thin/P3
  [396/522] פטור-חד-פעמי-ממס-שבח-על-2-דירות (1 ts) -> 386w Good/P1
  [397/522] פטור-ממס-הכנסה-לאנשים-בעלי-מוגבלויות (1 ts) -> skip (0w)
  [398/522] פטור-ממס-שבח (1 ts) -> 586w Good/P1
  [399/522] פטור-ממשיכת-כספי-תגמולים-החייבים-ב-35-מס (1 ts) -> 332w Good/P1
  [400/522] פטור-מתשלום-מסים-על-מוצרים-מהדיוטי-פרי (1 ts) -> skip (0w)
  [401/522] פטורים-וזכויות-עובדים (1 ts) -> skip (0w)
  [402/522] פטורים-מס-שבח (1 ts) -> skip (0w)
  [403/522] פיטורי-עובד (1 ts) -> skip (0w)
  [404/522] פינוי-בינוי (1 ts) -> skip (0w)
  [405/522] פינת-ההשראה-אין-גיל-צעיר-מדי-להגשים-חלו (1 ts) -> 186w Thin/P3
  [406/522] פינת-ההשראה-לעולם-לא-מאוחר-מדי (1 ts) -> skip (0w)
  [407/522] פיצוי-החזר-הוצאות-מענק-חרבות-ברזל-סכום (1 ts) -> skip (0w)
  [408/522] פיצוי-לנערים-ונערות-שעבדו-במקום-עבודת (1 ts) -> skip (0w)
  [409/522] פיצוי-נפגעי-מחלות (1 ts) -> skip (0w)
  [410/522] פיצויים-לעובד-שהתפטר-עקב-העתקת-מקום (1 ts) -> skip (0w)
  [411/522] פיצויים-לעובד-שהתפטר-עקב-העתקת-מקום-מג (1 ts) -> challenge (1 tried)
  [412/522] פיצויים-פטוריםחייבים (1 ts) -> skip (0w)
  [413/522] פיקוח-ובקרה-הנהלת-חשבונות-חיצונית (1 ts) -> skip (0w)
  [414/522] פירוק-חברה-דרך-בית-משפט (1 ts) -> skip (0w)
  [415/522] פירוק-חברה-מרצון (1 ts) -> skip (0w)
  [416/522] פירוק-חברה-עי-נושים (1 ts) -> skip (0w)
  [417/522] פנסיה-חובה (1 ts) -> skip (0w)
  [418/522] פקיד-שומה-טלפונים-כתובות-ושעות-פתיח (1 ts) -> skip (0w)
  [419/522] פרטים-שחובה-בחשבונית-מס (1 ts) -> skip (0w)
  [420/522] פריסת-מס-פיצויים-חייבים-במס (1 ts) -> 155w Thin/P3
  [421/522] פריסת-מס-שבח (1 ts) -> 400w Good/P1
  [422/522] פרישת-עובד-והטבות-הקיימות (1 ts) -> skip (0w)
  [423/522] פתיחה-וסגירת-חברה (1 ts) -> skip (0w)
  [424/522] פתיחהסגירת-עסק (1 ts) -> skip (0w)
  [425/522] פתיחת-חברה (1 ts) -> skip (0w)
  [426/522] פתיחת-מלכר (1 ts) -> skip (0w)
  [427/522] פתיחת-תיק-ברשויות-המס (1 ts) -> skip (0w)
  [428/522] פתיחת-תיק-והגדרות (1 ts) -> skip (0w)
  [429/522] פתיחת-תיק-חברה (1 ts) -> skip (0w)
  [430/522] פתיחת-תיק-חברה-2 (1 ts) -> skip (0w)
  [431/522] פתיחת-תיק-מלכר (1 ts) -> skip (0w)
  [432/522] פתיחת-תיק-מלכר-2 (1 ts) -> skip (0w)
  [433/522] פתיחת-תיק-עצמאי (1 ts) -> skip (0w)
  [434/522] פתיחת-תיק-עצמאי-2 (1 ts) -> skip (0w)
  [435/522] פתיחת-תיק-עצמאי-3 (1 ts) -> skip (0w)
  [436/522] פתיחת-תיק-רשויות (1 ts) -> skip (0w)
  [437/522] פתיחת-תיק-רשויות-2 (1 ts) -> skip (0w)
  [438/522] פתיחת-תיק-שותפות (1 ts) -> skip (0w)
  [439/522] פתיחת-תיק-שותפות-2 (1 ts) -> skip (0w)
  [440/522] פתיחת-תיקים-ברשויות (1 ts) -> skip (0w)
  [441/522] פתיחת-תיקים-ברשויות-2 (1 ts) -> skip (0w)
  [442/522] צור-קשר (1 ts) -> skip (12w)
  [443/522] צור-קשר-2 (1 ts) -> skip (0w)
  [444/522] צעד-אחד-לפני-המתחרה (1 ts) -> skip (0w)
  [445/522] צעד-נוסף-לעבר-ניהול-ירוק (1 ts) -> skip (0w)
  [446/522] קבוצות-רכישה (1 ts) -> skip (0w)
  [447/522] קביעת-בסיס-שכר-נקודת-מבט-מעסיק (1 ts) -> skip (0w)
  [448/522] קבלו-כמה-טיפים-לחיסכון-במס (1 ts) -> skip (0w)
  [449/522] קבלת-טיפ-מלקוח-ולא-ידעת-בדיוק-איך-הרשוי (1 ts) -> skip (0w)
  [450/522] קווי-הנחיה-לפי-סוג-ואופי-פעילות-העסק (1 ts) -> skip (0w)
  [451/522] קווים-מנחים-להחלת-סעיף-46-לפקודת-מס-הכנס (1 ts) -> skip (0w)
  [452/522] קופת-גמל (1 ts) -> skip (0w)
  [453/522] קיבוע-זכויות-פנסיה (1 ts) -> 287w Thin/P3
  [454/522] קיזוז-הפסדים-מס-שבח-2 (1 ts) -> 279w Thin/P3
  [455/522] קיצור-שעות-העבודה-החל-מה-1-לאפריל (1 ts) -> skip (0w)
  [456/522] קליטת-עובד-בארגון (1 ts) -> skip (0w)
  [457/522] קצבאות-והטבות (1 ts) -> skip (0w)
  [458/522] קצבת-נכות-פטורה-ממס (1 ts) -> 90w Thin/P3
  [459/522] קרן-השתלמות (1 ts) -> skip (0w)
  [460/522] רווחים-כלואים (1 ts) -> 2728w Good/P2
  [461/522] רווחים-כלואים-וחברת-מעטים (1 ts) -> 248w Thin/P3
  [462/522] ריבית-סעיף-3ט-לפקודה (1 ts) -> 374w Good/P2
  [463/522] ריכוז-טבלת-שיעורי-המס-החלים-על-הכנסות-ו (1 ts) -> 1077w Good/P1
  [464/522] רכישת-עסקים (1 ts) -> skip (0w)
  [465/522] רכישת-רכב-וניכוי-מס-תשומות (1 ts) -> skip (0w)
  [466/522] רעידת-אדמה-בעולם-התיירות (1 ts) -> skip (0w)
  [467/522] רעידת-אדמה-בעולם-התיירות-2 (1 ts) -> 239w Thin/P3
  [468/522] רשות-המסים-מפרסמת-הוראת-פרשנות-חדשה (1 ts) -> skip (12w)
  [469/522] רשם-החברות (1 ts) -> skip (0w)
  [470/522] שאלות-ותשובות-בנושא-דברים-שחובה-בחשבו (1 ts) -> 492w Good/P1
  [471/522] שאלות-ותשובות-בנושא-פרטים-שחובה-בחשבו (1 ts) -> skip (0w)
  [472/522] שווי-לצרכי-מס-רכבטלפוןארוחותמתנות (1 ts) -> skip (0w)
  [473/522] שומת-מס (1 ts) -> skip (4w)
  [474/522] שימוש-מס-ופטור-לחברה-זרה-שמחזיקה-בחברה (1 ts) -> 159w Thin/P3
  [475/522] שינוי-בחוק-ביטוח-לאומי-דמי-לידה (1 ts) -> skip (0w)
  [476/522] שינויים-בשכר-1-1-2017 (1 ts) -> skip (0w)
  [477/522] שיעור-דמי-ביטוח-וסכומים (1 ts) -> skip (0w)
  [478/522] שיעור-מס-על-דיבידנד-עפי-סעיף-125ב-לפקודת-מ (1 ts) -> 189w Thin/P3
  [479/522] שיעורי-אפס-ופטורים (1 ts) -> skip (0w)
  [480/522] שיעורי-אפס-ופטורים-2 (1 ts) -> skip (0w)
  [481/522] שירותי-גישור-בוררות-ונאמנות (1 ts) -> skip (0w)
  [482/522] שירותי-מידע (5 ts) -> skip (0w)
  [483/522] שירותים-מיוחדים (1 ts) -> skip (0w)
  [484/522] שכר-אומניםסופריםמרצים (1 ts) -> skip (0w)
  [485/522] שכר-בסיס (1 ts) -> skip (0w)
  [486/522] שלב-ראשון-בבניית-תוכנית-עסקית-הגדרת-חז (1 ts) -> skip (0w)
  [487/522] שליטה-מרחוק (1 ts) -> skip (0w)
  [488/522] שפת-חשבונית-לבעל-עסק-הנותן-שירות-מוכר-מ (1 ts) -> skip (0w)
  [489/522] שר-האוצר-ורשות-המסים-יביאו-לממשלה-ולוו (1 ts) -> challenge (1 tried)
  [490/522] תא-משפחתי (1 ts) -> skip (0w)
  [491/522] תביעה-בה-התובע-קיבל-פיצויים-מתפטר-בדין (1 ts) -> skip (0w)
  [492/522] תביעות-ביטוח-לאומי (1 ts) -> skip (0w)
  [493/522] תביעות-גיל-הזהב (1 ts) -> skip (0w)
  [494/522] תביעות-ומיצוי-זכויות (1 ts) -> skip (0w)
  [495/522] תביעות-עבודה-מנקודת-מבט-עובדמעסיק (1 ts) -> skip (0w)
  [496/522] תושב-ישראל-בעל-חברה-ישראלית-מחזיק-בחבר (1 ts) -> 141w Form/Tool/Skip
  [497/522] תזכורת-להורים-עובדים-תיקון-לחוק-מס-הכנ (1 ts) -> skip (0w)
  [498/522] תזכורת-להורים-עובדיםתיקון-לחוק-מס-הכנ (1 ts) -> challenge (1 tried)
  [499/522] תזכורת-למשתחררים-משירות-סדיר-או-משירו (1 ts) -> skip (0w)
  [500/522] תזכורת-מרשות-המסים-למשתחררים-משירות-צ (1 ts) -> challenge (1 tried)
  [501/522] תיאום-דמי-ביטוח (1 ts) -> skip (0w)
  [502/522] תיאום-מס-לא-מסובך-כמו-שזה-נשמע (1 ts) -> skip (0w)
  [503/522] תיאום-מס-לא-מסובך-כמו-שזה-נשמע-2 (1 ts) -> 245w Thin/P3
  [504/522] תיקון-190 (1 ts) -> 356w Good/P1
  [505/522] תיקון-חוק-הטבות-וייעוץ-מס (1 ts) -> 149w Thin/P3
  [506/522] תיקון-לחוק-בנוגע-לדרך-חישוב-גמלאת-אימה (1 ts) -> skip (0w)
  [507/522] תכנון-ופיתוח-העסק (1 ts) -> skip (0w)
  [508/522] תמא-38 (1 ts) -> skip (0w)
  [509/522] תקרת-עוסק-פטור-2018 (1 ts) -> skip (0w)
  [510/522] תרומה-בידי-עוסקים-היבטי-חבות-במעמ (1 ts) -> skip (0w)
  [511/522] תרומה-כהטבת-מס-האם-ניתן-לדרוש-בתלוש-השכ (1 ts) -> skip (0w)
  [512/522] תשלום-אגרה-מופחתת-לרשם-החברות-עד-תאריך-2 (1 ts) -> 248w Thin/P3
  [513/522] תשלום-מס-במקרה-של-דירת-ירושה-אותה-מחזיק (1 ts) -> 168w Thin/P3
  [514/522] תשלום-מס-שבח (1 ts) -> 331w Good/P1
  [515/522] תשלום-מעמ-עבור-שטח-בדירה-המשמש-לעסק (1 ts) -> skip (0w)
  [516/522] תשלומים (1 ts) -> skip (0w)
  [517/522] תשלומים-2 (1 ts) -> skip (0w)
  [518/522] תשלומים-3 (1 ts) -> skip (0w)
  [519/522] תשלומים-ביטוח-לאומי (1 ts) -> skip (0w)
  [520/522] תשלומים-ואגרות (1 ts) -> skip (0w)
  [521/522] תשלומים-מס-הכנסה (1 ts) -> skip (0w)
  [522/522] תשלומים-מס-הכנסה-2 (1 ts) -> skip (0w)

============================================================
STEP 3: Content inventory
============================================================
  -> wp-content-inventory.md

============================================================
STEP 4: Redirect map
============================================================
  -> wp-redirect-map.md

============================================================
STEP 5: Category map
============================================================
  -> wp-category-map.md

============================================================
EXTRACTION COMPLETE
============================================================
  Time elapsed:       48 min
  URLs scanned:       522
  Articles extracted:  94
  P1 (evergreen):     23
  P2 (needs update):  18
  P3 (thin/stale):    48
  Skip:               5
  Challenge pages:    32
  Other failures:     0
  Total words:        ~39,120
